[2019-02-24 12:05:15.858] [sharedprocess] [info] main {"machineId":"3e0e28ed91e519a5ffc0d09dce91223ccce14d739f66a0abaca65427d59e6c84"}
[2019-02-24 12:05:15.939] [sharedprocess] [info] Scanned user extensions: 2
[2019-02-24 12:05:15.962] [sharedprocess] [info] Scanned user extensions: 2
[2019-02-24 12:05:15.964] [sharedprocess] [info] Scanned user extensions: 2
[2019-02-24 12:05:16.664] [sharedprocess] [info] Scanned system extensions: 71
[2019-02-24 12:05:16.670] [sharedprocess] [info] Scanned system extensions: 71
[2019-02-24 12:05:16.674] [sharedprocess] [info] Scanned system extensions: 71
[2019-02-24 12:05:16.679] [sharedprocess] [info] Deleted from disk octref.vetur /home/doswa/.vscode/extensions/octref.vetur-0.16.1
[2019-02-24 12:05:16.718] [sharedprocess] [info] Scanned user extensions: 2
[2019-02-24 12:05:32.534] [sharedprocess] [info] Scanned user extensions: 2
[2019-02-24 12:05:32.535] [sharedprocess] [info] Scanned user extensions: 2
[2019-02-24 12:05:32.589] [sharedprocess] [info] Scanned system extensions: 71
[2019-02-24 12:05:32.593] [sharedprocess] [info] Scanned system extensions: 71
[2019-02-24 12:05:34.643] [sharedprocess] [info] Scanned user extensions: 2
[2019-02-24 12:05:55.873] [sharedprocess] [info] Starting to clean up unused language packs.
[2019-02-24 12:10:34.659] [sharedprocess] [info] Scanned user extensions: 2
[2019-02-24 12:15:34.675] [sharedprocess] [info] Scanned user extensions: 2
[2019-02-24 12:20:34.697] [sharedprocess] [info] Scanned user extensions: 2
[2019-02-24 12:25:34.711] [sharedprocess] [info] Scanned user extensions: 2
[2019-02-24 12:30:34.726] [sharedprocess] [info] Scanned user extensions: 2
[2019-02-24 12:35:34.736] [sharedprocess] [info] Scanned user extensions: 2
[2019-02-24 12:40:34.761] [sharedprocess] [info] Scanned user extensions: 2
