[2019-02-24 12:05:15.094] [exthost] [info] extension host started
[2019-02-24 12:05:15.120] [exthost] [info] ExtensionService#_doActivateExtension vscode.debug-auto-launch {"startup":true,"activationEvent":"*"}
[2019-02-24 12:05:15.120] [exthost] [info] ExtensionService#loadCommonJSModule /usr/share/code/resources/app/extensions/debug-auto-launch/dist/extension
[2019-02-24 12:05:15.124] [exthost] [info] ExtensionService#_doActivateExtension vscode.emmet {"startup":true,"activationEvent":"*"}
[2019-02-24 12:05:15.124] [exthost] [info] ExtensionService#loadCommonJSModule /usr/share/code/resources/app/extensions/emmet/dist/extension
[2019-02-24 12:05:15.141] [exthost] [info] ExtensionService#_doActivateExtension vscode.git {"startup":true,"activationEvent":"*"}
[2019-02-24 12:05:15.141] [exthost] [info] ExtensionService#loadCommonJSModule /usr/share/code/resources/app/extensions/git/dist/main
[2019-02-24 12:05:15.333] [exthost] [info] ExtensionService#_doActivateExtension vscode.merge-conflict {"startup":true,"activationEvent":"*"}
[2019-02-24 12:05:15.333] [exthost] [info] ExtensionService#loadCommonJSModule /usr/share/code/resources/app/extensions/merge-conflict/dist/extension
[2019-02-24 12:05:15.347] [exthost] [info] ExtensionService#_doActivateExtension formulahendry.terminal {"startup":true,"activationEvent":"*"}
[2019-02-24 12:05:15.347] [exthost] [info] ExtensionService#loadCommonJSModule /home/doswa/.vscode/extensions/formulahendry.terminal-0.0.10/out/src/extension
[2019-02-24 12:05:15.405] [exthost] [info] eager extensions activated
[2019-02-24 12:05:33.020] [exthost] [info] extension host started
[2019-02-24 12:05:33.036] [exthost] [info] ExtensionService#_doActivateExtension vscode.debug-auto-launch {"startup":true,"activationEvent":"*"}
[2019-02-24 12:05:33.036] [exthost] [info] ExtensionService#loadCommonJSModule /usr/share/code/resources/app/extensions/debug-auto-launch/dist/extension
[2019-02-24 12:05:33.039] [exthost] [info] ExtensionService#_doActivateExtension vscode.emmet {"startup":true,"activationEvent":"*"}
[2019-02-24 12:05:33.039] [exthost] [info] ExtensionService#loadCommonJSModule /usr/share/code/resources/app/extensions/emmet/dist/extension
[2019-02-24 12:05:33.054] [exthost] [info] ExtensionService#_doActivateExtension vscode.git {"startup":true,"activationEvent":"*"}
[2019-02-24 12:05:33.054] [exthost] [info] ExtensionService#loadCommonJSModule /usr/share/code/resources/app/extensions/git/dist/main
[2019-02-24 12:05:33.154] [exthost] [info] ExtensionService#_doActivateExtension vscode.merge-conflict {"startup":true,"activationEvent":"*"}
[2019-02-24 12:05:33.154] [exthost] [info] ExtensionService#loadCommonJSModule /usr/share/code/resources/app/extensions/merge-conflict/dist/extension
[2019-02-24 12:05:33.160] [exthost] [info] ExtensionService#_doActivateExtension formulahendry.terminal {"startup":true,"activationEvent":"*"}
[2019-02-24 12:05:33.160] [exthost] [info] ExtensionService#loadCommonJSModule /home/doswa/.vscode/extensions/formulahendry.terminal-0.0.10/out/src/extension
[2019-02-24 12:05:33.175] [exthost] [info] eager extensions activated
[2019-02-24 12:05:37.705] [exthost] [info] ExtensionService#_doActivateExtension vscode.configuration-editing {"startup":false,"activationEvent":"onLanguage:jsonc"}
[2019-02-24 12:05:37.705] [exthost] [info] ExtensionService#loadCommonJSModule /usr/share/code/resources/app/extensions/configuration-editing/dist/extension
[2019-02-24 12:05:37.720] [exthost] [info] ExtensionService#_doActivateExtension vscode.json-language-features {"startup":false,"activationEvent":"onLanguage:jsonc"}
[2019-02-24 12:05:37.720] [exthost] [info] ExtensionService#loadCommonJSModule /usr/share/code/resources/app/extensions/json-language-features/client/dist/jsonMain
[2019-02-24 12:05:37.803] [exthost] [info] ExtensionService#_doActivateExtension vscode.typescript-language-features {"startup":false,"activationEvent":"onLanguage:jsonc"}
[2019-02-24 12:05:37.803] [exthost] [info] ExtensionService#loadCommonJSModule /usr/share/code/resources/app/extensions/typescript-language-features/dist/extension
[2019-02-24 12:16:04.439] [exthost] [info] ExtensionService#_doActivateExtension vscode.extension-editing {"startup":false,"activationEvent":"onLanguage:json"}
[2019-02-24 12:16:04.439] [exthost] [info] ExtensionService#loadCommonJSModule /usr/share/code/resources/app/extensions/extension-editing/dist/extension
[2019-02-24 12:16:04.619] [exthost] [info] ExtensionService#_doActivateExtension vscode.npm {"startup":false,"activationEvent":"onLanguage:json"}
[2019-02-24 12:16:04.620] [exthost] [info] ExtensionService#loadCommonJSModule /usr/share/code/resources/app/extensions/npm/dist/main
[2019-02-24 12:20:56.125] [exthost] [error] [vscode.typescript-language-features] provider FAILED
[2019-02-24 12:20:56.125] [exthost] [error] {"label":"Acquiring typings...","detail":"Acquiring typings definitions for IntelliSense."}
[2019-02-24 12:20:56.397] [exthost] [error] [vscode.typescript-language-features] provider FAILED
[2019-02-24 12:20:56.397] [exthost] [error] {"label":"Acquiring typings...","detail":"Acquiring typings definitions for IntelliSense."}
[2019-02-24 12:20:56.502] [exthost] [error] [vscode.typescript-language-features] provider FAILED
[2019-02-24 12:20:56.503] [exthost] [error] {"label":"Acquiring typings...","detail":"Acquiring typings definitions for IntelliSense."}
[2019-02-24 12:20:57.762] [exthost] [error] [vscode.typescript-language-features] provider FAILED
[2019-02-24 12:20:57.762] [exthost] [error] {"label":"Acquiring typings...","detail":"Acquiring typings definitions for IntelliSense."}
[2019-02-24 12:20:57.830] [exthost] [error] [vscode.typescript-language-features] provider FAILED
[2019-02-24 12:20:57.830] [exthost] [error] {"label":"Acquiring typings...","detail":"Acquiring typings definitions for IntelliSense."}
[2019-02-24 12:20:58.124] [exthost] [error] [vscode.typescript-language-features] provider FAILED
[2019-02-24 12:20:58.124] [exthost] [error] {"label":"Acquiring typings...","detail":"Acquiring typings definitions for IntelliSense."}
[2019-02-24 12:22:06.095] [exthost] [error] [vscode.typescript-language-features] provider FAILED
[2019-02-24 12:22:06.095] [exthost] [error] {"label":"Acquiring typings...","detail":"Acquiring typings definitions for IntelliSense."}
[2019-02-24 12:22:07.366] [exthost] [error] [vscode.typescript-language-features] provider FAILED
[2019-02-24 12:22:07.366] [exthost] [error] {"label":"Acquiring typings...","detail":"Acquiring typings definitions for IntelliSense."}
[2019-02-24 12:22:07.469] [exthost] [error] [vscode.typescript-language-features] provider FAILED
[2019-02-24 12:22:07.469] [exthost] [error] {"label":"Acquiring typings...","detail":"Acquiring typings definitions for IntelliSense."}
[2019-02-24 12:22:07.554] [exthost] [error] [vscode.typescript-language-features] provider FAILED
[2019-02-24 12:22:07.554] [exthost] [error] {"label":"Acquiring typings...","detail":"Acquiring typings definitions for IntelliSense."}
