Looking for git in: git
Using git 2.19.1 from git
> git rev-parse --show-toplevel
> git config --get commit.template
Open repository: /home/doswa/Documents/petshare
> git status -z -u
> git check-ignore -z --stdin
> git symbolic-ref --short HEAD
> git rev-parse master
> git rev-parse --symbolic-full-name master@{u}
> git rev-list --left-right master...refs/remotes/origin/master
> git for-each-ref --format %(refname) %(objectname) --sort -committerdate
> git remote --verbose
> git check-ignore -z --stdin
> git check-ignore -z --stdin
> git check-ignore -z --stdin
> git check-ignore -z --stdin
> git show :server/src/app.js
> git ls-files --stage -- server/src/
> git check-ignore -z --stdin
> git show :server/package.json
> git ls-files --stage -- server/
> git show :server/package-lock.json
> git ls-files --stage -- server/
> git show :server/package.json
> git ls-files --stage -- server/
> git check-ignore -z --stdin
> git show :server/src/app.js
> git ls-files --stage -- server/src/
> git check-ignore -z --stdin
> git show :server/package-lock.json
> git ls-files --stage -- server/
> git show :server/package.json
> git ls-files --stage -- server/
> git show :server/src/app.js
> git ls-files --stage -- server/src/
> git show :server/package.json
> git ls-files --stage -- server/
> git show :server/package-lock.json
> git ls-files --stage -- server/
> git show :server/src/app.js
> git ls-files --stage -- server/src/
> git show :server/package-lock.json
> git ls-files --stage -- server/
> git show :server/package.json
> git ls-files --stage -- server/
> git show :server/.eslintrc.js
> git ls-files --stage -- server/
> git show :server/src/app.js
> git ls-files --stage -- server/src/
> git show :server/package-lock.json
> git ls-files --stage -- server/
> git show :server/package.json
> git ls-files --stage -- server/
> git show :server/src/app.js
> git ls-files --stage -- server/src/
> git show :server/package.json
> git ls-files --stage -- server/
> git show :server/src/app.js
> git ls-files --stage -- server/src/
> git show :server/package.json
> git ls-files --stage -- server/
> git show :server/src/app.js
> git ls-files --stage -- server/src/
